2024-04-29 16:55:53 [@dinesh0028]
Interno #1: Executar contract
2024-04-29 18:01:11 [@dinesh0028]
Interno #1: Executar infocom
2024-04-29 18:09:21 [2@dinesh0028]
Interno #1: Executar mailgate
2024-04-29 18:17:59 [2@dinesh0028]
Interno #1: Executar session
2024-04-29 18:18:11 [@dinesh0028]
Interno #1: Executar graph
2024-04-29 18:19:06 [@dinesh0028]
Interno #1: Executar reservation
2024-04-29 18:21:00 [@dinesh0028]
Interno #1: Executar closeticket
2024-04-29 18:21:55 [@dinesh0028]
Interno #1: Executar alertnotclosed
2024-04-29 18:22:03 [@dinesh0028]
Interno #1: Executar slaticket
2024-04-29 18:22:11 [@dinesh0028]
Interno #1: Executar createinquest
2024-04-29 18:22:13 [@dinesh0028]
Interno #1: Executar watcher
2024-04-29 18:23:14 [@dinesh0028]
Interno #1: Executar RecurrentItems
2024-04-29 18:23:16 [@dinesh0028]
Interno #1: Executar planningrecall
2024-04-29 18:24:26 [@dinesh0028]
Interno #1: Executar queuednotification
2024-04-29 18:27:30 [@dinesh0028]
Interno #1: Executar queuednotificationclean
2024-04-29 18:30:19 [@dinesh0028]
Interno #1: Executar temp
2024-04-29 18:34:08 [2@dinesh0028]
Interno #1: Executar mailgateerror
2024-04-29 18:34:17 [@dinesh0028]
Interno #1: Executar certificate
2024-04-29 18:35:02 [@dinesh0028]
Interno #1: Executar olaticket
2024-04-29 18:37:17 [@dinesh0028]
Interno #1: Executar mailgate
2024-04-29 18:40:03 [@dinesh0028]
Interno #1: Executar queuednotification
2024-04-29 18:43:58 [@dinesh0028]
Interno #1: Executar slaticket
2024-04-29 18:45:23 [@dinesh0028]
Interno #1: Executar planningrecall
2024-04-29 18:47:19 [@dinesh0028]
Interno #1: Executar olaticket
2024-04-29 18:48:43 [@dinesh0028]
Interno #1: Executar queuednotification
2024-04-29 18:49:01 [@dinesh0028]
Interno #1: Executar mailgate
2024-04-29 18:56:33 [2@dinesh0028]
Interno #1: Executar slaticket
2024-04-29 19:02:11 [2@dinesh0028]
Interno #1: Executar queuednotification
2024-04-29 19:11:26 [2@dinesh0028]
Interno #1: Executar planningrecall
2024-04-29 19:28:42 [2@dinesh0028]
Interno #1: Executar olaticket
2024-04-29 19:35:03 [2@dinesh0028]
Interno #1: Executar mailgate
2024-04-29 19:41:51 [2@dinesh0028]
Interno #1: Executar slaticket
2024-05-02 09:15:24 [@dinesh0028]
Interno #1: Executar queuednotification
2024-05-02 09:16:30 [@dinesh0028]
Interno #1: Executar planningrecall
2024-05-02 09:17:10 [@dinesh0028]
Interno #1: Executar graph
2024-05-02 14:22:06 [@dinesh0028]
Interno #1: Executar reservation
2024-05-03 17:33:20 [@dinesh0028]
Interno #1: Executar RecurrentItems
2024-05-06 20:10:41 [@dinesh0028]
Interno #1: Executar temp
2024-05-06 20:15:24 [@dinesh0028]
Interno #1: Executar olaticket
2024-05-06 20:20:52 [2@dinesh0028]
Interno #1: Executar mailgate
2024-05-06 20:27:24 [2@dinesh0028]
Interno #1: Executar slaticket
2024-05-06 20:34:25 [2@dinesh0028]
Interno #1: Executar closeticket
2024-05-06 21:09:08 [2@dinesh0028]
Interno #1: Executar alertnotclosed
2024-05-06 21:14:45 [2@dinesh0028]
Interno #1: Executar contract
2024-05-06 21:20:01 [2@dinesh0028]
Interno #1: Executar infocom
2024-05-06 21:25:12 [2@dinesh0028]
Interno #1: Executar session
2024-05-06 21:32:52 [2@dinesh0028]
Interno #1: Executar createinquest
2024-05-06 21:40:39 [2@dinesh0028]
Interno #1: Executar watcher
2024-05-06 21:46:32 [2@dinesh0028]
Interno #1: Executar queuednotificationclean
2024-05-06 21:52:56 [2@dinesh0028]
Interno #1: Executar mailgateerror
2024-05-07 12:47:56 [2@dinesh0028]
Interno #1: Executar certificate
2024-05-07 12:53:47 [2@dinesh0028]
Interno #1: Executar queuednotification
2024-05-07 13:01:12 [2@dinesh0028]
Interno #1: Executar planningrecall
2024-05-07 15:41:03 [2@dinesh0028]
Interno #1: Executar graph
2024-05-07 16:54:31 [2@dinesh0028]
Interno #1: Executar reservation
2024-05-08 10:56:27 [@dinesh0028]
Interno #1: Executar RecurrentItems
2024-05-09 10:47:53 [2@dinesh0028]
Interno #1: Executar olaticket
2024-05-09 10:52:59 [2@dinesh0028]
Interno #1: Executar mailgate
2024-05-09 11:03:07 [2@dinesh0028]
Interno #1: Executar slaticket
2024-05-09 11:11:11 [2@dinesh0028]
Interno #1: Executar temp
2024-05-09 11:16:36 [2@dinesh0028]
Interno #1: Executar closeticket
2024-05-09 11:22:27 [2@dinesh0028]
Interno #1: Executar alertnotclosed
2024-05-09 11:27:47 [2@dinesh0028]
Interno #1: Executar queuednotification
2024-05-09 11:33:38 [2@dinesh0028]
Interno #1: Executar planningrecall
2024-05-09 11:39:00 [2@dinesh0028]
Interno #1: Executar graph
2024-05-09 11:44:17 [2@dinesh0028]
Interno #1: Executar reservation
2024-05-09 11:52:10 [2@dinesh0028]
Interno #1: Executar contract
2024-05-09 11:59:07 [2@dinesh0028]
Interno #1: Executar infocom
2024-05-09 12:04:23 [2@dinesh0028]
Interno #1: Executar session
2024-05-09 12:09:39 [2@dinesh0028]
Interno #1: Executar createinquest
2024-05-09 13:22:30 [2@dinesh0028]
Interno #1: Executar watcher
2024-05-09 14:14:39 [2@dinesh0028]
Interno #1: Executar queuednotificationclean
2024-05-09 14:24:04 [2@dinesh0028]
Interno #1: Executar mailgateerror
2024-05-09 14:30:30 [2@dinesh0028]
Interno #1: Executar RecurrentItems
2024-05-09 14:35:44 [2@dinesh0028]
Interno #1: Executar certificate
2024-05-09 15:03:31 [2@dinesh0028]
Interno #1: Executar olaticket
2024-05-09 15:08:40 [2@dinesh0028]
Interno #1: Executar mailgate
2024-05-09 15:42:56 [@dinesh0028]
Interno #1: Executar slaticket
2024-05-09 15:46:53 [2@dinesh0028]
Interno #1: Executar queuednotification
2024-05-09 16:40:50 [2@dinesh0028]
Interno #1: Executar planningrecall
2024-05-09 16:52:37 [2@dinesh0028]
Interno #1: Executar temp
